<?xml version="1.0" encoding="UTF-8"?>
<testng-results skipped="0" failed="0" ignored="0" total="1" passed="1">
  <reporter-output>
  </reporter-output>
  <suite name="Default suite" duration-ms="10044" started-at="2020-04-22T18:43:23Z" finished-at="2020-04-22T18:43:33Z">
    <groups>
    </groups>
    <test name="Default test" duration-ms="10044" started-at="2020-04-22T18:43:23Z" finished-at="2020-04-22T18:43:33Z">
      <class name="tests.DeleteUser">
        <test-method status="PASS" signature="validate_delete_user()[pri:0, instance:tests.DeleteUser@6eebc39e]" name="validate_delete_user" duration-ms="9957" started-at="2020-04-22T18:43:23Z" finished-at="2020-04-22T18:43:33Z">
          <reporter-output>
          </reporter-output>
        </test-method> <!-- validate_delete_user -->
      </class> <!-- tests.DeleteUser -->
    </test> <!-- Default test -->
  </suite> <!-- Default suite -->
</testng-results>
