<?xml version="1.0" encoding="UTF-8"?>
<!-- Generated by org.testng.reporters.JUnitXMLReporter -->
<testsuite hostname="LINDEL00149" ignored="0" name="Create Test" tests="5" failures="0" timestamp="22 Apr 2020 18:06:52 GMT" time="29.248" errors="0">
  <testcase name="validate_User_able_to_Register" time="3.878" classname="tests.RegisterUser_Post_PostRequest"/>
  <testcase name="validate_User_Not_able_to_Register" time="2.389" classname="tests.Register_User_Unsucessful_PostRequest"/>
  <testcase name="validate_User_able_to_Login" time="5.053" classname="tests.Login_User_Sucess_PostRequest"/>
  <testcase name="validate_User_Not_able_to_Login" time="2.718" classname="tests.Login_User_UnSucess_PostRequest"/>
  <testcase name="validate_User_able_to_update_Current_resources" time="2.098" classname="tests.Update_user_Update_Request"/>
</testsuite> <!-- Create Test -->
