<?xml version="1.0" encoding="UTF-8"?>
<!-- Generated by org.testng.reporters.JUnitXMLReporter -->
<testsuite hostname="LINDEL00149" ignored="0" name="Create Test" tests="6" failures="0" timestamp="22 Apr 2020 18:49:00 GMT" time="33.513" errors="0">
  <testcase name="validate_User_able_to_Register" time="4.938" classname="tests.RegisterUser_Post_PostRequest"/>
  <testcase name="validate_User_Not_able_to_Register" time="2.731" classname="tests.Register_User_Unsucessful_PostRequest"/>
  <testcase name="validate_User_able_to_Login" time="4.69" classname="tests.Login_User_Sucess_PostRequest"/>
  <testcase name="validate_User_Not_able_to_Login" time="2.99" classname="tests.Login_User_UnSucess_PostRequest"/>
  <testcase name="validate_User_able_to_update_Current_resources" time="2.721" classname="tests.Update_user_Update_Request"/>
  <testcase name="validate_delete_user" time="3.224" classname="tests.DeleteUser"/>
</testsuite> <!-- Create Test -->
